<?xml version="1.0" encoding="UTF-8" ?>
<testsuite tests="7" failures="0" name="TestSuite" time="6.167" errors="0" skipped="0">
  <properties>
[...]
</properties>
  <testcase classname="RestSpec.RestSpecTest" name="requestResponseSpec" time="2.418"/>
  <testcase classname="RestSpec.RestSpecTest" name="getBody" time="1.235"/>
  <testcase classname="RestSpec.RestSpecTest" name="getBody" time="0.561"/>
  <testcase classname="RestSpec.RestSpecTest" name="getBody" time="0.358"/>
  <testcase classname="Rest.RestTest" name="testSanityCheck" time="0.787"/>
  <testcase classname="Rest.RestTest" name="TC1_GET" time="0.372"/>
  <testcase classname="Rest.RestTest" name="TC2_Post" time="0.436"/>
</testsuite>