<?xml version="1.0" encoding="UTF-8"?>
<testng-results total="7" passed="7" failed="0" skipped="0">
  <reporter-output>
  </reporter-output>
  <suite started-at="2021-04-28T13:01:16Z" name="Command line suite" finished-at="2021-04-28T13:01:24Z" duration-ms="7960">
    <groups>
    </groups>
    <test started-at="2021-04-28T13:01:16Z" name="Command line test" finished-at="2021-04-28T13:01:24Z" duration-ms="7960">
      <class name="RestSpec.RestSpecTest">
        <test-method is-config="true" signature="setSpac()[pri:0, instance:RestSpec.RestSpecTest@1b7cc17c]" started-at="2021-04-28T15:01:16Z" name="setSpac" finished-at="2021-04-28T15:01:17Z" duration-ms="1705" status="PASS">
          <reporter-output>
          </reporter-output>
        </test-method> <!-- setSpac -->
        <test-method signature="requestResponseSpec()[pri:0, instance:RestSpec.RestSpecTest@1b7cc17c]" started-at="2021-04-28T15:01:17Z" name="requestResponseSpec" finished-at="2021-04-28T15:01:20Z" duration-ms="2424" status="PASS">
          <reporter-output>
          </reporter-output>
        </test-method> <!-- requestResponseSpec -->
        <test-method signature="getBody(int, java.lang.String, java.lang.String, java.lang.String)[pri:0, instance:RestSpec.RestSpecTest@1b7cc17c]" started-at="2021-04-28T15:01:20Z" name="getBody" data-provider="dataReader" finished-at="2021-04-28T15:01:21Z" duration-ms="1235" status="PASS">
          <params>
            <param index="0">
              <value>
                <![CDATA[1]]>
              </value>
            </param>
            <param index="1">
              <value>
                <![CDATA[george.bluth@reqres.in]]>
              </value>
            </param>
            <param index="2">
              <value>
                <![CDATA[George]]>
              </value>
            </param>
            <param index="3">
              <value>
                <![CDATA[Bluth]]>
              </value>
            </param>
          </params>
          <reporter-output>
          </reporter-output>
        </test-method> <!-- getBody -->
        <test-method signature="getBody(int, java.lang.String, java.lang.String, java.lang.String)[pri:0, instance:RestSpec.RestSpecTest@1b7cc17c]" started-at="2021-04-28T15:01:21Z" name="getBody" data-provider="dataReader" finished-at="2021-04-28T15:01:22Z" duration-ms="561" status="PASS">
          <params>
            <param index="0">
              <value>
                <![CDATA[2]]>
              </value>
            </param>
            <param index="1">
              <value>
                <![CDATA[janet.weaver@reqres.in]]>
              </value>
            </param>
            <param index="2">
              <value>
                <![CDATA[Janet]]>
              </value>
            </param>
            <param index="3">
              <value>
                <![CDATA[Weaver]]>
              </value>
            </param>
          </params>
          <reporter-output>
          </reporter-output>
        </test-method> <!-- getBody -->
        <test-method signature="getBody(int, java.lang.String, java.lang.String, java.lang.String)[pri:0, instance:RestSpec.RestSpecTest@1b7cc17c]" started-at="2021-04-28T15:01:22Z" name="getBody" data-provider="dataReader" finished-at="2021-04-28T15:01:22Z" duration-ms="358" status="PASS">
          <params>
            <param index="0">
              <value>
                <![CDATA[3]]>
              </value>
            </param>
            <param index="1">
              <value>
                <![CDATA[emma.wong@reqres.in]]>
              </value>
            </param>
            <param index="2">
              <value>
                <![CDATA[Emma]]>
              </value>
            </param>
            <param index="3">
              <value>
                <![CDATA[Wong]]>
              </value>
            </param>
          </params>
          <reporter-output>
          </reporter-output>
        </test-method> <!-- getBody -->
      </class> <!-- RestSpec.RestSpecTest -->
      <class name="Rest.RestTest">
        <test-method signature="testSanityCheck()[pri:0, instance:Rest.RestTest@409bf450]" started-at="2021-04-28T15:01:22Z" name="testSanityCheck" finished-at="2021-04-28T15:01:23Z" duration-ms="787" status="PASS">
          <reporter-output>
          </reporter-output>
        </test-method> <!-- testSanityCheck -->
        <test-method signature="TC1_GET()[pri:0, instance:Rest.RestTest@409bf450]" started-at="2021-04-28T15:01:23Z" name="TC1_GET" finished-at="2021-04-28T15:01:23Z" depends-on-methods="Rest.RestTest.testSanityCheck" duration-ms="340" status="PASS">
          <reporter-output>
          </reporter-output>
        </test-method> <!-- TC1_GET -->
        <test-method signature="TC2_Post()[pri:0, instance:Rest.RestTest@409bf450]" started-at="2021-04-28T15:01:23Z" name="TC2_Post" finished-at="2021-04-28T15:01:24Z" depends-on-methods="Rest.RestTest.testSanityCheck" duration-ms="441" status="PASS">
          <reporter-output>
          </reporter-output>
        </test-method> <!-- TC2_Post -->
      </class> <!-- Rest.RestTest -->
    </test> <!-- Command line test -->
  </suite> <!-- Command line suite -->
</testng-results>
