<?xml version="1.0" encoding="UTF-8"?>
<!-- Generated by org.testng.reporters.JUnitXMLReporter -->
<testsuite hostname="DESKTOP-8PA2AS0" failures="0" tests="7" name="Command line test" time="7.96" errors="0" timestamp="28 Apr 2021 13:01:24 GMT">
  <testcase classname="RestSpec.RestSpecTest" name="requestResponseSpec" time="2.424"/>
  <testcase classname="RestSpec.RestSpecTest" name="getBody" time="1.235"/>
  <testcase classname="RestSpec.RestSpecTest" name="getBody" time="0.561"/>
  <testcase classname="RestSpec.RestSpecTest" name="getBody" time="0.358"/>
  <testcase classname="Rest.RestTest" name="testSanityCheck" time="0.787"/>
  <testcase classname="Rest.RestTest" name="TC1_GET" time="0.34"/>
  <testcase classname="Rest.RestTest" name="TC2_Post" time="0.441"/>
</testsuite> <!-- Command line test -->
